<?xml version="1.0" encoding="UTF-8"?>
<!-- Generated by org.testng.reporters.JUnitReportReporter -->
<testsuite hostname="DESKTOP-Q87FFFO" failures="0" tests="3" name="tests.UserRegistrationWithDDTAndExcel" time="17.933" errors="0" timestamp="2022-06-26T11:59:01 EET" skipped="0">
  <testcase classname="tests.UserRegistrationWithDDTAndExcel" name="UserCanRegisterSuccessfully" time="5.881"/>
  <system-out/>
  <testcase classname="tests.UserRegistrationWithDDTAndExcel" name="UserCanRegisterSuccessfully" time="5.871"/>
  <system-out/>
  <testcase classname="tests.UserRegistrationWithDDTAndExcel" name="UserCanRegisterSuccessfully" time="6.181"/>
  <system-out/>
</testsuite> <!-- tests.UserRegistrationWithDDTAndExcel -->
