<?xml version="1.0" encoding="UTF-8"?>
<!-- Generated by org.testng.reporters.JUnitReportReporter -->
<testsuite hostname="DESKTOP-Q87FFFO" failures="0" tests="5" name="tests.RegisteredUserCheckoutProductTest" time="25.473" errors="0" timestamp="2022-06-23T15:24:40 EET" skipped="0">
  <testcase classname="tests.RegisteredUserCheckoutProductTest" name="UserCanRegisterSuccssfully" time="3.295"/>
  <system-out/>
  <testcase classname="tests.RegisteredUserCheckoutProductTest" name="UserCanSearchWithAutoSuggest" time="5.332"/>
  <system-out/>
  <testcase classname="tests.RegisteredUserCheckoutProductTest" name="UserCanAddProductToShoppingCart" time="2.214"/>
  <system-out/>
  <testcase classname="tests.RegisteredUserCheckoutProductTest" name="UserCanCheckoutProduct" time="13.145"/>
  <system-out/>
  <testcase classname="tests.RegisteredUserCheckoutProductTest" name="RegisteredUserCanLogout" time="1.487"/>
  <system-out/>
</testsuite> <!-- tests.RegisteredUserCheckoutProductTest -->
