<?xml version="1.0" encoding="UTF-8"?>
<!-- Generated by org.testng.reporters.JUnitReportReporter -->
<testsuite hostname="DESKTOP-Q87FFFO" failures="0" tests="2" name="tests.AddProductToCompareTest" time="16.790" errors="0" timestamp="2022-06-23T15:24:40 EET" skipped="0">
  <testcase classname="tests.AddProductToCompareTest" name="UserCanCompareProducts" time="15.501"/>
  <system-out/>
  <testcase classname="tests.AddProductToCompareTest" name="UserCanClearCompareList" time="1.289"/>
  <system-out/>
</testsuite> <!-- tests.AddProductToCompareTest -->
