<?xml version="1.0" encoding="UTF-8"?>
<!-- Generated by org.testng.reporters.JUnitReportReporter -->
<testsuite hostname="DESKTOP-Q87FFFO" failures="0" tests="2" name="tests.ChangeCurrencyTest" time="5.811" errors="0" timestamp="2022-06-23T15:24:40 EET" skipped="0">
  <testcase classname="tests.ChangeCurrencyTest" name="TestChangeCurrency" time="1.321"/>
  <system-out/>
  <testcase classname="tests.ChangeCurrencyTest" name="UserCanSearchWithAutoSuggest" time="4.490"/>
  <system-out/>
</testsuite> <!-- tests.ChangeCurrencyTest -->
