<?xml version="1.0" encoding="UTF-8"?>
<!-- Generated by org.testng.reporters.JUnitReportReporter -->
<testsuite hostname="DESKTOP-Q87FFFO" failures="0" tests="2" name="tests.UserRegistrationWithDDTAndDataProvider" time="9.325" errors="0" timestamp="2022-06-23T16:41:04 EET" skipped="0">
  <testcase classname="tests.UserRegistrationWithDDTAndDataProvider" name="UserCanRegisterSuccessfully" time="4.814"/>
  <system-out/>
  <testcase classname="tests.UserRegistrationWithDDTAndDataProvider" name="UserCanRegisterSuccessfully" time="4.511"/>
  <system-out/>
</testsuite> <!-- tests.UserRegistrationWithDDTAndDataProvider -->
