<?xml version="1.0" encoding="UTF-8"?>
<!-- Generated by org.testng.reporters.JUnitReportReporter -->
<testsuite hostname="DESKTOP-Q87FFFO" failures="0" tests="3" name="tests.AddProductToShoppingCartTest" time="8.591" errors="0" timestamp="2022-06-23T15:24:40 EET" skipped="0">
  <testcase classname="tests.AddProductToShoppingCartTest" name="UserCanSearchForProductsWithAutoSuggest" time="4.472"/>
  <system-out/>
  <testcase classname="tests.AddProductToShoppingCartTest" name="UserCanAddProductToShoppingCart" time="2.183"/>
  <system-out/>
  <testcase classname="tests.AddProductToShoppingCartTest" name="UserCanRemoveProductFromCart" time="1.936"/>
  <system-out/>
</testsuite> <!-- tests.AddProductToShoppingCartTest -->
