<?xml version="1.0" encoding="UTF-8"?>
<!-- Generated by org.testng.reporters.JUnitReportReporter -->
<testsuite hostname="DESKTOP-Q87FFFO" failures="0" tests="1" name="tests.UserRegistrationWithDDTAndJSON" time="6.684" errors="0" timestamp="2022-06-26T15:30:47 EET" skipped="0">
  <testcase classname="tests.UserRegistrationWithDDTAndJSON" name="UserCanRegisterSuccessfully" time="6.684"/>
  <system-out/>
</testsuite> <!-- tests.UserRegistrationWithDDTAndJSON -->
