<?xml version="1.0" encoding="UTF-8"?>
<!-- Generated by org.testng.reporters.JUnitReportReporter -->
<testsuite hostname="DESKTOP-Q87FFFO" failures="0" tests="4" name="tests.MyAccountTest" time="10.345" errors="0" timestamp="2022-06-23T15:24:40 EET" skipped="0">
  <testcase classname="tests.MyAccountTest" name="UserCanLogin" time="1.603"/>
  <system-out/>
  <testcase classname="tests.MyAccountTest" name="ResgistratedUserCanChangePassword" time="3.148"/>
  <system-out/>
  <testcase classname="tests.MyAccountTest" name="UserCanLogout" time="1.241"/>
  <system-out/>
  <testcase classname="tests.MyAccountTest" name="UserCanRegisterSuccessfully" time="4.353"/>
  <system-out/>
</testsuite> <!-- tests.MyAccountTest -->
