<?xml version="1.0" encoding="UTF-8"?>
<!-- Generated by org.testng.reporters.JUnitReportReporter -->
<testsuite hostname="DESKTOP-Q87FFFO" failures="0" tests="1" name="tests.UserRegistrationWithDDTAndCSV" time="18.505" errors="0" timestamp="2022-06-26T12:35:14 EET" skipped="0">
  <testcase classname="tests.UserRegistrationWithDDTAndCSV" name="UserCanRegisterSuccessfully" time="18.505"/>
  <system-out/>
</testsuite> <!-- tests.UserRegistrationWithDDTAndCSV -->
