<?xml version="1.0" encoding="UTF-8"?>
<!-- Generated by org.testng.reporters.JUnitReportReporter -->
<testsuite hostname="DESKTOP-Q87FFFO" failures="0" tests="4" name="tests.EmailFriendTest" time="10.282" errors="0" timestamp="2022-06-23T15:24:40 EET" skipped="0">
  <testcase classname="tests.EmailFriendTest" name="UserCanRegisterSuccessfully" time="2.769"/>
  <system-out/>
  <testcase classname="tests.EmailFriendTest" name="UserCanSearchWithAutoSuggest" time="4.367"/>
  <system-out/>
  <testcase classname="tests.EmailFriendTest" name="RegisteredUserCanSendTOFriend" time="1.841"/>
  <system-out/>
  <testcase classname="tests.EmailFriendTest" name="UserCanLogout" time="1.305"/>
  <system-out/>
</testsuite> <!-- tests.EmailFriendTest -->
