<?xml version="1.0" encoding="UTF-8"?>
<!-- Generated by org.testng.reporters.JUnitReportReporter -->
<testsuite hostname="DESKTOP-Q87FFFO" failures="0" tests="3" name="tests.UserRegistrationTestWithJavaFaker" time="7.774" errors="0" timestamp="2022-06-26T15:39:57 EET" skipped="0">
  <testcase classname="tests.UserRegistrationTestWithJavaFaker" name="UserCanLogout" time="1.616"/>
  <system-out/>
  <testcase classname="tests.UserRegistrationTestWithJavaFaker" name="UserCanLogin" time="1.886"/>
  <system-out/>
  <testcase classname="tests.UserRegistrationTestWithJavaFaker" name="UserCanRegisterSuccessfully" time="4.272"/>
  <system-out/>
</testsuite> <!-- tests.UserRegistrationTestWithJavaFaker -->
