<?xml version="1.0" encoding="UTF-8"?>
<!-- Generated by org.testng.reporters.JUnitReportReporter -->
<testsuite hostname="DESKTOP-Q87FFFO" failures="0" tests="1" name="tests.ContactUsTest" time="5.413" errors="0" timestamp="2022-06-23T15:24:40 EET" skipped="0">
  <testcase classname="tests.ContactUsTest" name="TestContactUs" time="5.413"/>
  <system-out/>
</testsuite> <!-- tests.ContactUsTest -->
