<?xml version="1.0" encoding="UTF-8"?>
<!-- Generated by org.testng.reporters.JUnitReportReporter -->
<testsuite hostname="DESKTOP-Q87FFFO" failures="0" tests="3" name="tests.UserRegistrationWithDDTAndPropertiesFile" time="5.982" errors="0" timestamp="2022-06-26T10:51:27 EET" skipped="0">
  <testcase classname="tests.UserRegistrationWithDDTAndPropertiesFile" name="UserCanLogin" time="1.765"/>
  <system-out/>
  <testcase classname="tests.UserRegistrationWithDDTAndPropertiesFile" name="UserCanLogout" time="1.235"/>
  <system-out/>
  <testcase classname="tests.UserRegistrationWithDDTAndPropertiesFile" name="UserCanRegisterSuccessfully" time="2.982"/>
  <system-out/>
</testsuite> <!-- tests.UserRegistrationWithDDTAndPropertiesFile -->
