<?xml version="1.0" encoding="UTF-8"?>
<!-- Generated by org.testng.reporters.JUnitReportReporter -->
<testsuite hostname="DESKTOP-Q87FFFO" failures="0" tests="3" name="tests.UserRegistrationTest" time="5.987" errors="0" timestamp="2022-06-23T15:24:40 EET" skipped="0">
  <testcase classname="tests.UserRegistrationTest" name="UserCanLogin" time="1.898"/>
  <system-out/>
  <testcase classname="tests.UserRegistrationTest" name="UserCanLogout" time="1.259"/>
  <system-out/>
  <testcase classname="tests.UserRegistrationTest" name="UserCanRegisterSuccessfully" time="2.830"/>
  <system-out/>
</testsuite> <!-- tests.UserRegistrationTest -->
