<?xml version="1.0" encoding="UTF-8"?>
<!-- Generated by org.testng.reporters.JUnitReportReporter -->
<testsuite hostname="DESKTOP-Q87FFFO" failures="0" tests="3" name="tests.AddProductToWishListTest" time="6.248" errors="0" timestamp="2022-06-23T15:24:40 EET" skipped="0">
  <testcase classname="tests.AddProductToWishListTest" name="UserCanSearchWithAutoSuggest" time="4.461"/>
  <system-out/>
  <testcase classname="tests.AddProductToWishListTest" name="UserCanAddProductToWishlist" time="1.089"/>
  <system-out/>
  <testcase classname="tests.AddProductToWishListTest" name="UserCanRemoveProductFromCart" time="0.698"/>
  <system-out/>
</testsuite> <!-- tests.AddProductToWishListTest -->
