<?xml version="1.0" encoding="UTF-8"?>
<!-- Generated by org.testng.reporters.JUnitReportReporter -->
<testsuite hostname="DESKTOP-Q87FFFO" failures="0" tests="4" name="tests.AddProductReviewTest" time="11.751" errors="0" timestamp="2022-06-23T15:24:40 EET" skipped="0">
  <testcase classname="tests.AddProductReviewTest" name="UserCanRegisterSuccessfully" time="2.845"/>
  <system-out/>
  <testcase classname="tests.AddProductReviewTest" name="UserCanSearchWithAutoSuggest" time="5.372"/>
  <system-out/>
  <testcase classname="tests.AddProductReviewTest" name="userCanAddReview" time="2.115"/>
  <system-out/>
  <testcase classname="tests.AddProductReviewTest" name="UserCanLogout" time="1.419"/>
  <system-out/>
</testsuite> <!-- tests.AddProductReviewTest -->
