<?xml version="1.0" encoding="UTF-8"?>
<!-- Generated by org.testng.reporters.JUnitReportReporter -->
<testsuite hostname="DESKTOP-Q87FFFO" failures="0" tests="1" name="tests.SearchTest" time="4.678" errors="0" timestamp="2022-06-23T15:31:13 EET" skipped="0">
  <testcase classname="tests.SearchTest" name="UserCanSearchProducts" time="4.678"/>
  <system-out/>
</testsuite> <!-- tests.SearchTest -->
